../src/simple_client "select etop from etop where etop < -10215"
0: 
count: 234
ratio: 1.002947e-06
 check chunks: 3655
 safe chunks: 0
 IO time used: 1e-06
worker-1 used time: 27.199702

1: 
count: 234
ratio: 1.002947e-06
 check chunks: 3655
 safe chunks: 0
 IO time used: 1e-06
worker-1 used time: 33.043435

2: 
count: 234
ratio: 1.002947e-06
 check chunks: 3655
 safe chunks: 0
 IO time used: 1e-06
worker-1 used time: 33.01997

3: 
count: 234
ratio: 1.002947e-06
 check chunks: 3655
 safe chunks: 0
 IO time used: 1e-06
worker-1 used time: 33.05919

4: 
count: 234
ratio: 1.002947e-06
 check chunks: 3655
 safe chunks: 0
 IO time used: 1e-06
worker-1 used time: 33.046978

avg_io: 1e-06	avg_all: 31.873855
../src/simple_client "select etop from etop where etop < -9575"
0: 
count: 2337
ratio: 1.001661e-05
 check chunks: 3655
 safe chunks: 0
 IO time used: 1e-06
worker-1 used time: 33.240432

1: 
count: 2337
ratio: 1.001661e-05
 check chunks: 3655
 safe chunks: 0
 IO time used: 1e-06
worker-1 used time: 33.375596

2: 
count: 2337
ratio: 1.001661e-05
 check chunks: 3655
 safe chunks: 0
 IO time used: 1e-06
worker-1 used time: 33.024009

3: 
count: 2337
ratio: 1.001661e-05
 check chunks: 3655
 safe chunks: 0
 IO time used: 1e-06
worker-1 used time: 33.36987

4: 
count: 2337
ratio: 1.001661e-05
 check chunks: 3655
 safe chunks: 0
 IO time used: 1e-06
worker-1 used time: 33.197608

avg_io: 1e-06	avg_all: 33.241503
../src/simple_client "select etop from etop where etop < -8505"
0: 
count: 23333
ratio: 0.0001000075
 check chunks: 3655
 safe chunks: 0
 IO time used: 1e-06
worker-1 used time: 33.311983

1: 
count: 23333
ratio: 0.0001000075
 check chunks: 3655
 safe chunks: 0
 IO time used: 1e-06
worker-1 used time: 33.234374

2: 
count: 23333
ratio: 0.0001000075
 check chunks: 3655
 safe chunks: 0
 IO time used: 1e-06
worker-1 used time: 33.475202

3: 
count: 23333
ratio: 0.0001000075
 check chunks: 3655
 safe chunks: 0
 IO time used: 1e-06
worker-1 used time: 33.356436

4: 
count: 23333
ratio: 0.0001000075
 check chunks: 3655
 safe chunks: 0
 IO time used: 1e-06
worker-1 used time: 33.61324

avg_io: 1e-06	avg_all: 33.398247
../src/simple_client "select etop from etop where etop < -6665"
0: 
count: 234360
ratio: 0.00100449
 check chunks: 3655
 safe chunks: 0
 IO time used: 1e-06
worker-1 used time: 35.071205

1: 
count: 234360
ratio: 0.00100449
 check chunks: 3655
 safe chunks: 0
 IO time used: 1e-06
worker-1 used time: 35.020251

2: 
count: 234360
ratio: 0.00100449
 check chunks: 3655
 safe chunks: 0
 IO time used: 1e-06
worker-1 used time: 35.496749

3: 
count: 234360
ratio: 0.00100449
 check chunks: 3655
 safe chunks: 0
 IO time used: 1e-06
worker-1 used time: 35.241381

4: 
count: 234360
ratio: 0.00100449
 check chunks: 3655
 safe chunks: 0
 IO time used: 1e-06
worker-1 used time: 37.598802

avg_io: 1e-06	avg_all: 35.6856776
../src/simple_client "select etop from etop where etop < -5876"
0: 
count: 2355915
ratio: 0.01009768
 check chunks: 3655
 safe chunks: 0
 IO time used: 1e-06
worker-1 used time: 46.590711

1: 
count: 2355915
ratio: 0.01009768
 check chunks: 3655
 safe chunks: 0
 IO time used: 1e-06
worker-1 used time: 38.463017

2: 
count: 2355915
ratio: 0.01009768
 check chunks: 3655
 safe chunks: 0
 IO time used: 1e-06
worker-1 used time: 38.361304

3: 
count: 2355915
ratio: 0.01009768
 check chunks: 3655
 safe chunks: 0
 IO time used: 1e-06
worker-1 used time: 38.869654

4: 
count: 2355915
ratio: 0.01009768
 check chunks: 3655
 safe chunks: 0
 IO time used: 1e-06
worker-1 used time: 38.287711

avg_io: 1e-06	avg_all: 40.1144794
../src/simple_client "select etop from etop where etop < -5080"
0: 
count: 23398143
ratio: 0.1002868
 check chunks: 3655
 safe chunks: 0
 IO time used: 1e-06
worker-1 used time: 42.468754

1: 
count: 23398143
ratio: 0.1002868
 check chunks: 3655
 safe chunks: 0
 IO time used: 1e-06
worker-1 used time: 42.763263

2: 
count: 23398143
ratio: 0.1002868
 check chunks: 3655
 safe chunks: 0
 IO time used: 1e-06
worker-1 used time: 42.863942

3: 
count: 23398143
ratio: 0.1002868
 check chunks: 3655
 safe chunks: 0
 IO time used: 1e-06
worker-1 used time: 42.602106

4: 
count: 23398143
ratio: 0.1002868
 check chunks: 3655
 safe chunks: 0
 IO time used: 1e-06
worker-1 used time: 42.303684

avg_io: 1e-06	avg_all: 42.6003498
