../src/simple_client "select etop from etop where etop < -10215"
0: 
count: 234
ratio: 1.002947e-06
 check chunks: 946
 safe chunks: 0
 IO time used: 1e-06
worker-1 used time: 8.595022999999999

1: 
count: 234
ratio: 1.002947e-06
 check chunks: 946
 safe chunks: 0
 IO time used: 1e-06
worker-1 used time: 11.191832

2: 
count: 234
ratio: 1.002947e-06
 check chunks: 946
 safe chunks: 0
 IO time used: 1e-06
worker-1 used time: 12.488048

3: 
count: 234
ratio: 1.002947e-06
 check chunks: 946
 safe chunks: 0
 IO time used: 1e-06
worker-1 used time: 15.551333

4: 
count: 234
ratio: 1.002947e-06
 check chunks: 946
 safe chunks: 0
 IO time used: 1e-06
worker-1 used time: 15.319419

avg_io: 1e-06	avg_all: 12.629131
../src/simple_client "select etop from etop where etop < -9575"
0: 
count: 2337
ratio: 1.001661e-05
 check chunks: 946
 safe chunks: 0
 IO time used: 2e-06
worker-1 used time: 15.768457

1: 
count: 2337
ratio: 1.001661e-05
 check chunks: 946
 safe chunks: 0
 IO time used: 1e-06
worker-1 used time: 16.184797

2: 
count: 2337
ratio: 1.001661e-05
 check chunks: 946
 safe chunks: 0
 IO time used: 1e-06
worker-1 used time: 15.728967

3: 
count: 2337
ratio: 1.001661e-05
 check chunks: 946
 safe chunks: 0
 IO time used: 1e-06
worker-1 used time: 15.86127

4: 
count: 2337
ratio: 1.001661e-05
 check chunks: 946
 safe chunks: 0
 IO time used: 1e-06
worker-1 used time: 15.952063

avg_io: 1.2e-06	avg_all: 15.8991108
../src/simple_client "select etop from etop where etop < -8505"
0: 
count: 23333
ratio: 0.0001000075
 check chunks: 946
 safe chunks: 0
 IO time used: 0
worker-1 used time: 16.058145

1: 
count: 23333
ratio: 0.0001000075
 check chunks: 946
 safe chunks: 0
 IO time used: 1e-06
worker-1 used time: 15.979342

2: 
count: 23333
ratio: 0.0001000075
 check chunks: 946
 safe chunks: 0
 IO time used: 1e-06
worker-1 used time: 16.00474

3: 
count: 23333
ratio: 0.0001000075
 check chunks: 946
 safe chunks: 0
 IO time used: 1e-06
worker-1 used time: 15.96483

4: 
count: 23333
ratio: 0.0001000075
 check chunks: 946
 safe chunks: 0
 IO time used: 1e-06
worker-1 used time: 16.183469

avg_io: 8e-07	avg_all: 16.0381052
../src/simple_client "select etop from etop where etop < -6665"
0: 
count: 234360
ratio: 0.00100449
 check chunks: 946
 safe chunks: 0
 IO time used: 1e-06
worker-1 used time: 17.7346

1: 
count: 234360
ratio: 0.00100449
 check chunks: 946
 safe chunks: 0
 IO time used: 1e-06
worker-1 used time: 17.551106

2: 
count: 234360
ratio: 0.00100449
 check chunks: 946
 safe chunks: 0
 IO time used: 1e-06
worker-1 used time: 17.784353

3: 
count: 234360
ratio: 0.00100449
 check chunks: 946
 safe chunks: 0
 IO time used: 1e-06
worker-1 used time: 17.606618

4: 
count: 234360
ratio: 0.00100449
 check chunks: 946
 safe chunks: 0
 IO time used: 1e-06
worker-1 used time: 17.625982

avg_io: 1e-06	avg_all: 17.6605318
../src/simple_client "select etop from etop where etop < -5876"
0: 
count: 2348442
ratio: 0.01006565
 check chunks: 946
 safe chunks: 0
 IO time used: 1e-06
worker-1 used time: 20.584449

1: 
count: 2348442
ratio: 0.01006565
 check chunks: 946
 safe chunks: 0
 IO time used: 1e-06
worker-1 used time: 20.571058

2: 
count: 2348442
ratio: 0.01006565
 check chunks: 946
 safe chunks: 0
 IO time used: 1e-06
worker-1 used time: 20.780805

3: 
count: 2348442
ratio: 0.01006565
 check chunks: 946
 safe chunks: 0
 IO time used: 1e-06
worker-1 used time: 20.977934

4: 
count: 2348442
ratio: 0.01006565
 check chunks: 946
 safe chunks: 0
 IO time used: 1e-06
worker-1 used time: 20.52924

avg_io: 1e-06	avg_all: 20.6886972
../src/simple_client "select etop from etop where etop < -5080"
0: 
count: 23381759
ratio: 0.1002165
 check chunks: 946
 safe chunks: 0
 IO time used: 1e-06
worker-1 used time: 24.320705

1: 
count: 23381759
ratio: 0.1002165
 check chunks: 946
 safe chunks: 0
 IO time used: 1e-06
worker-1 used time: 23.938913

2: 
count: 23381759
ratio: 0.1002165
 check chunks: 946
 safe chunks: 0
 IO time used: 1e-06
worker-1 used time: 24.376837

3: 
count: 23381759
ratio: 0.1002165
 check chunks: 946
 safe chunks: 0
 IO time used: 1e-06
worker-1 used time: 24.481296

4: 
count: 23381759
ratio: 0.1002165
 check chunks: 946
 safe chunks: 0
 IO time used: 1e-06
worker-1 used time: 24.416934

avg_io: 1e-06	avg_all: 24.306937
