../src/simple_client "select pres_512_lzma from pres_512_lzma where pres_512_lzma < 51040"
0: 
count: 388
ratio: 1.002767e-06
 candidate chunks: 3
 valid chunks: 0
 IO time used: 0.112145
worker-1 used time: 0.189163

1: 
count: 388
ratio: 1.002767e-06
 candidate chunks: 3
 valid chunks: 0
 IO time used: 0.039669
worker-1 used time: 0.120907

2: 
count: 388
ratio: 1.002767e-06
 candidate chunks: 3
 valid chunks: 0
 IO time used: 0.045488
worker-1 used time: 0.106553

3: 
count: 388
ratio: 1.002767e-06
 candidate chunks: 3
 valid chunks: 0
 IO time used: 0.039535
worker-1 used time: 0.111171

4: 
count: 388
ratio: 1.002767e-06
 candidate chunks: 3
 valid chunks: 0
 IO time used: 0.055947
worker-1 used time: 0.120343

5: 
count: 388
ratio: 1.002767e-06
 candidate chunks: 3
 valid chunks: 0
 IO time used: 0.072975
worker-1 used time: 0.143681

6: 
count: 388
ratio: 1.002767e-06
 candidate chunks: 3
 valid chunks: 0
 IO time used: 0.045437
worker-1 used time: 0.113553

7: 
count: 388
ratio: 1.002767e-06
 candidate chunks: 3
 valid chunks: 0
 IO time used: 0.05807
worker-1 used time: 0.119215

8: 
count: 388
ratio: 1.002767e-06
 candidate chunks: 3
 valid chunks: 0
 IO time used: 0.066345
worker-1 used time: 0.122276

9: 
count: 388
ratio: 1.002767e-06
 candidate chunks: 3
 valid chunks: 0
 IO time used: 0.048027
worker-1 used time: 0.124725

avg_io: 0.0522491666667	avg_all: 0.120169833333
../src/simple_client "select pres_512_lzma from pres_512_lzma where pres_512_lzma < 51443"
0: 
count: 3877
ratio: 1.001992e-05
 candidate chunks: 12
 valid chunks: 0
 IO time used: 0.165803
worker-1 used time: 0.224763

1: 
count: 3877
ratio: 1.001992e-05
 candidate chunks: 12
 valid chunks: 0
 IO time used: 0.182504
worker-1 used time: 0.242928

2: 
count: 3877
ratio: 1.001992e-05
 candidate chunks: 12
 valid chunks: 0
 IO time used: 0.179225
worker-1 used time: 0.230355

3: 
count: 3877
ratio: 1.001992e-05
 candidate chunks: 12
 valid chunks: 0
 IO time used: 0.188905
worker-1 used time: 0.240051

4: 
count: 3877
ratio: 1.001992e-05
 candidate chunks: 12
 valid chunks: 0
 IO time used: 0.180915
worker-1 used time: 0.232334

5: 
count: 3877
ratio: 1.001992e-05
 candidate chunks: 12
 valid chunks: 0
 IO time used: 0.157896
worker-1 used time: 0.207375

6: 
count: 3877
ratio: 1.001992e-05
 candidate chunks: 12
 valid chunks: 0
 IO time used: 0.179926
worker-1 used time: 0.231374

7: 
count: 3877
ratio: 1.001992e-05
 candidate chunks: 12
 valid chunks: 0
 IO time used: 0.182567
worker-1 used time: 0.236405

8: 
count: 3877
ratio: 1.001992e-05
 candidate chunks: 12
 valid chunks: 0
 IO time used: 0.172224
worker-1 used time: 0.23342

9: 
count: 3877
ratio: 1.001992e-05
 candidate chunks: 12
 valid chunks: 0
 IO time used: 0.155522
worker-1 used time: 0.206254

avg_io: 0.176776666667	avg_all: 0.231441833333
../src/simple_client "select pres_512_lzma from pres_512_lzma where pres_512_lzma < 52191"
0: 
count: 38690
ratio: 9.999245e-05
 candidate chunks: 35
 valid chunks: 0
 IO time used: 0.384898
worker-1 used time: 0.458087

1: 
count: 38690
ratio: 9.999245e-05
 candidate chunks: 35
 valid chunks: 0
 IO time used: 0.329243
worker-1 used time: 0.391294

2: 
count: 38690
ratio: 9.999245e-05
 candidate chunks: 35
 valid chunks: 0
 IO time used: 0.3207
worker-1 used time: 0.384659

3: 
count: 38690
ratio: 9.999245e-05
 candidate chunks: 35
 valid chunks: 0
 IO time used: 0.378211
worker-1 used time: 0.440711

4: 
count: 38690
ratio: 9.999245e-05
 candidate chunks: 35
 valid chunks: 0
 IO time used: 0.33572
worker-1 used time: 0.397486

5: 
count: 38690
ratio: 9.999245e-05
 candidate chunks: 35
 valid chunks: 0
 IO time used: 0.387746
worker-1 used time: 0.449621

6: 
count: 38690
ratio: 9.999245e-05
 candidate chunks: 35
 valid chunks: 0
 IO time used: 0.377894
worker-1 used time: 0.441495

7: 
count: 38690
ratio: 9.999245e-05
 candidate chunks: 35
 valid chunks: 0
 IO time used: 0.329528
worker-1 used time: 0.397751

8: 
count: 38690
ratio: 9.999245e-05
 candidate chunks: 35
 valid chunks: 0
 IO time used: 0.371281
worker-1 used time: 0.440882

9: 
count: 38690
ratio: 9.999245e-05
 candidate chunks: 35
 valid chunks: 0
 IO time used: 0.376236
worker-1 used time: 0.441121

avg_io: 0.361478333333	avg_all: 0.426574333333
../src/simple_client "select pres_512_lzma from pres_512_lzma where pres_512_lzma < 54095"
0: 
count: 387354
ratio: 0.001001098
 candidate chunks: 84
 valid chunks: 0
 IO time used: 0.691364
worker-1 used time: 0.749703

1: 
count: 387354
ratio: 0.001001098
 candidate chunks: 84
 valid chunks: 0
 IO time used: 0.733511
worker-1 used time: 0.795119

2: 
count: 387354
ratio: 0.001001098
 candidate chunks: 84
 valid chunks: 0
 IO time used: 0.635938
worker-1 used time: 0.6905559999999999

3: 
count: 387354
ratio: 0.001001098
 candidate chunks: 84
 valid chunks: 0
 IO time used: 0.635547
worker-1 used time: 0.691322

4: 
count: 387354
ratio: 0.001001098
 candidate chunks: 84
 valid chunks: 0
 IO time used: 0.677193
worker-1 used time: 0.734804

5: 
count: 387354
ratio: 0.001001098
 candidate chunks: 84
 valid chunks: 0
 IO time used: 0.7059059999999999
worker-1 used time: 0.76601

6: 
count: 387354
ratio: 0.001001098
 candidate chunks: 84
 valid chunks: 0
 IO time used: 0.712969
worker-1 used time: 0.772617

7: 
count: 387354
ratio: 0.001001098
 candidate chunks: 84
 valid chunks: 0
 IO time used: 0.702129
worker-1 used time: 0.758646

8: 
count: 387354
ratio: 0.001001098
 candidate chunks: 84
 valid chunks: 0
 IO time used: 0.700061
worker-1 used time: 0.759084

9: 
count: 387354
ratio: 0.001001098
 candidate chunks: 84
 valid chunks: 0
 IO time used: 0.691656
worker-1 used time: 0.749701

avg_io: 0.694718166667	avg_all: 0.752991333333
../src/simple_client "select pres_512_lzma from pres_512_lzma where pres_512_lzma < 58800"
0: 
count: 3875008
ratio: 0.01001477
 candidate chunks: 372
 valid chunks: 0
 IO time used: 2.570902
worker-1 used time: 2.61422

1: 
count: 3875008
ratio: 0.01001477
 candidate chunks: 372
 valid chunks: 0
 IO time used: 2.552616
worker-1 used time: 2.593609

2: 
count: 3875008
ratio: 0.01001477
 candidate chunks: 372
 valid chunks: 0
 IO time used: 2.50372
worker-1 used time: 2.546652

3: 
count: 3875008
ratio: 0.01001477
 candidate chunks: 372
 valid chunks: 0
 IO time used: 2.526879
worker-1 used time: 2.57107

4: 
count: 3875008
ratio: 0.01001477
 candidate chunks: 372
 valid chunks: 0
 IO time used: 2.52742
worker-1 used time: 2.571647

5: 
count: 3875008
ratio: 0.01001477
 candidate chunks: 372
 valid chunks: 0
 IO time used: 2.560039
worker-1 used time: 2.603184

6: 
count: 3875008
ratio: 0.01001477
 candidate chunks: 372
 valid chunks: 0
 IO time used: 2.543539
worker-1 used time: 2.586533

7: 
count: 3875008
ratio: 0.01001477
 candidate chunks: 372
 valid chunks: 0
 IO time used: 2.519129
worker-1 used time: 2.556816

8: 
count: 3875008
ratio: 0.01001477
 candidate chunks: 372
 valid chunks: 0
 IO time used: 2.527864
worker-1 used time: 2.570889

9: 
count: 3875008
ratio: 0.01001477
 candidate chunks: 372
 valid chunks: 0
 IO time used: 2.65656
worker-1 used time: 2.696235

avg_io: 2.53972616667	avg_all: 2.582822
../src/simple_client "select pres_512_lzma from pres_512_lzma where pres_512_lzma < 67200"
0: 
count: 38736687
ratio: 0.1001131
 candidate chunks: 815
 valid chunks: 0
 IO time used: 4.80422
worker-1 used time: 4.849191

1: 
count: 38736687
ratio: 0.1001131
 candidate chunks: 815
 valid chunks: 0
 IO time used: 4.825514
worker-1 used time: 4.868445

2: 
count: 38736687
ratio: 0.1001131
 candidate chunks: 815
 valid chunks: 0
 IO time used: 4.788373
worker-1 used time: 4.825773

3: 
count: 38736687
ratio: 0.1001131
 candidate chunks: 815
 valid chunks: 0
 IO time used: 4.702603
worker-1 used time: 4.745015

4: 
count: 38736687
ratio: 0.1001131
 candidate chunks: 815
 valid chunks: 0
 IO time used: 4.74843
worker-1 used time: 4.798606

5: 
count: 38736687
ratio: 0.1001131
 candidate chunks: 815
 valid chunks: 0
 IO time used: 4.763394
worker-1 used time: 4.804682

6: 
count: 38736687
ratio: 0.1001131
 candidate chunks: 815
 valid chunks: 0
 IO time used: 4.770842
worker-1 used time: 4.810348

7: 
count: 38736687
ratio: 0.1001131
 candidate chunks: 815
 valid chunks: 0
 IO time used: 4.812109
worker-1 used time: 4.860435

8: 
count: 38736687
ratio: 0.1001131
 candidate chunks: 815
 valid chunks: 0
 IO time used: 4.789243
worker-1 used time: 4.837046

9: 
count: 38736687
ratio: 0.1001131
 candidate chunks: 815
 valid chunks: 0
 IO time used: 4.791036
worker-1 used time: 4.825709

avg_io: 4.784518	avg_all: 4.82545816667
../src/simple_client "select pres_512_lzma from pres_512_lzma where pres_512_lzma < 84390"
0: 
count: 116093981
ratio: 0.3000393
 candidate chunks: 1400
 valid chunks: 105
 IO time used: 7.557242
worker-1 used time: 7.636121

1: 
count: 116093981
ratio: 0.3000393
 candidate chunks: 1400
 valid chunks: 105
 IO time used: 7.479671
worker-1 used time: 7.552179

2: 
count: 116093981
ratio: 0.3000393
 candidate chunks: 1400
 valid chunks: 105
 IO time used: 7.468432
worker-1 used time: 7.534662

3: 
count: 116093981
ratio: 0.3000393
 candidate chunks: 1400
 valid chunks: 105
 IO time used: 7.535315
worker-1 used time: 7.618611

4: 
count: 116093981
ratio: 0.3000393
 candidate chunks: 1400
 valid chunks: 105
 IO time used: 7.461018
worker-1 used time: 7.536776

5: 
count: 116093981
ratio: 0.3000393
 candidate chunks: 1400
 valid chunks: 105
 IO time used: 7.43404
worker-1 used time: 7.511464

6: 
count: 116093981
ratio: 0.3000393
 candidate chunks: 1400
 valid chunks: 105
 IO time used: 7.593537
worker-1 used time: 7.66788

7: 
count: 116093981
ratio: 0.3000393
 candidate chunks: 1400
 valid chunks: 105
 IO time used: 8.924407
worker-1 used time: 8.998447000000001

8: 
count: 116093981
ratio: 0.3000393
 candidate chunks: 1400
 valid chunks: 105
 IO time used: 7.499497
worker-1 used time: 7.582947

9: 
count: 116093981
ratio: 0.3000393
 candidate chunks: 1400
 valid chunks: 105
 IO time used: 7.451362
worker-1 used time: 7.527083

avg_io: 7.50019583333	avg_all: 7.57688266667
../src/simple_client "select pres_512_lzma from pres_512_lzma where pres_512_lzma < 93888"
0: 
count: 193494402
ratio: 0.500077
 candidate chunks: 1435
 valid chunks: 105
 IO time used: 7.543986
worker-1 used time: 7.626566

1: 
count: 193494402
ratio: 0.500077
 candidate chunks: 1435
 valid chunks: 105
 IO time used: 7.541011
worker-1 used time: 7.624531

2: 
count: 193494402
ratio: 0.500077
 candidate chunks: 1435
 valid chunks: 105
 IO time used: 7.46824
worker-1 used time: 7.552679

3: 
count: 193494402
ratio: 0.500077
 candidate chunks: 1435
 valid chunks: 105
 IO time used: 7.421478
worker-1 used time: 7.502124

4: 
count: 193494402
ratio: 0.500077
 candidate chunks: 1435
 valid chunks: 105
 IO time used: 7.444698
worker-1 used time: 7.510734

5: 
count: 193494402
ratio: 0.500077
 candidate chunks: 1435
 valid chunks: 105
 IO time used: 7.427764
worker-1 used time: 7.496397

6: 
count: 193494402
ratio: 0.500077
 candidate chunks: 1435
 valid chunks: 105
 IO time used: 7.447301
worker-1 used time: 7.528216

7: 
count: 193494402
ratio: 0.500077
 candidate chunks: 1435
 valid chunks: 105
 IO time used: 7.474198
worker-1 used time: 7.551521

8: 
count: 193494402
ratio: 0.500077
 candidate chunks: 1435
 valid chunks: 105
 IO time used: 7.558267
worker-1 used time: 7.645216

9: 
count: 193494402
ratio: 0.500077
 candidate chunks: 1435
 valid chunks: 105
 IO time used: 7.47557
worker-1 used time: 7.552956

avg_io: 7.47516966667	avg_all: 7.5534395
../src/simple_client "select pres_512_lzma from pres_512_lzma where pres_512_lzma < 97597"
0: 
count: 270868466
ratio: 0.7000466
 candidate chunks: 1435
 valid chunks: 105
 IO time used: 8.362207
worker-1 used time: 8.456664

1: 
count: 270868466
ratio: 0.7000466
 candidate chunks: 1435
 valid chunks: 105
 IO time used: 7.472518
worker-1 used time: 7.554762

2: 
count: 270868466
ratio: 0.7000466
 candidate chunks: 1435
 valid chunks: 105
 IO time used: 7.47338
worker-1 used time: 7.553062

3: 
count: 270868466
ratio: 0.7000466
 candidate chunks: 1435
 valid chunks: 105
 IO time used: 7.449346
worker-1 used time: 7.527408

4: 
count: 270868466
ratio: 0.7000466
 candidate chunks: 1435
 valid chunks: 105
 IO time used: 7.535633
worker-1 used time: 7.620132

5: 
count: 270868466
ratio: 0.7000466
 candidate chunks: 1435
 valid chunks: 105
 IO time used: 7.481885
worker-1 used time: 7.552908

6: 
count: 270868466
ratio: 0.7000466
 candidate chunks: 1435
 valid chunks: 105
 IO time used: 7.644947
worker-1 used time: 7.719414

7: 
count: 270868466
ratio: 0.7000466
 candidate chunks: 1435
 valid chunks: 105
 IO time used: 8.850270999999999
worker-1 used time: 8.935171

8: 
count: 270868466
ratio: 0.7000466
 candidate chunks: 1435
 valid chunks: 105
 IO time used: 7.53647
worker-1 used time: 7.612194

9: 
count: 270868466
ratio: 0.7000466
 candidate chunks: 1435
 valid chunks: 105
 IO time used: 7.522348
worker-1 used time: 7.594322

avg_io: 7.53088266667	avg_all: 7.608981
../src/simple_client "select pres_512_lzma from pres_512_lzma where pres_512_lzma < 100018"
0: 
count: 348251574
ratio: 0.9000395
 candidate chunks: 1350
 valid chunks: 190
 IO time used: 7.486607
worker-1 used time: 7.568456

1: 
count: 348251574
ratio: 0.9000395
 candidate chunks: 1350
 valid chunks: 190
 IO time used: 7.570157
worker-1 used time: 7.649099

2: 
count: 348251574
ratio: 0.9000395
 candidate chunks: 1350
 valid chunks: 190
 IO time used: 7.476295
worker-1 used time: 7.552923

3: 
count: 348251574
ratio: 0.9000395
 candidate chunks: 1350
 valid chunks: 190
 IO time used: 7.454249
worker-1 used time: 7.53587

4: 
count: 348251574
ratio: 0.9000395
 candidate chunks: 1350
 valid chunks: 190
 IO time used: 7.460654
worker-1 used time: 7.552797

5: 
count: 348251574
ratio: 0.9000395
 candidate chunks: 1350
 valid chunks: 190
 IO time used: 7.49551
worker-1 used time: 7.569119

6: 
count: 348251574
ratio: 0.9000395
 candidate chunks: 1350
 valid chunks: 190
 IO time used: 7.465436
worker-1 used time: 7.535704

7: 
count: 348251574
ratio: 0.9000395
 candidate chunks: 1350
 valid chunks: 190
 IO time used: 7.463619
worker-1 used time: 7.54428

8: 
count: 348251574
ratio: 0.9000395
 candidate chunks: 1350
 valid chunks: 190
 IO time used: 7.525384
worker-1 used time: 7.594886

9: 
count: 348251574
ratio: 0.9000395
 candidate chunks: 1350
 valid chunks: 190
 IO time used: 7.485297
worker-1 used time: 7.568778

avg_io: 7.477997	avg_all: 7.55939216667
../src/simple_client "select pres_512_lzma from pres_512_lzma where pres_512_lzma < 104800"
0: 
count: 386929137
ratio: 0.9999998
 candidate chunks: 3
 valid chunks: 1537
 IO time used: 7.469517
worker-1 used time: 7.547529

1: 
count: 386929137
ratio: 0.9999998
 candidate chunks: 3
 valid chunks: 1537
 IO time used: 7.468924
worker-1 used time: 7.554191

2: 
count: 386929137
ratio: 0.9999998
 candidate chunks: 3
 valid chunks: 1537
 IO time used: 7.478158
worker-1 used time: 7.551333

3: 
count: 386929137
ratio: 0.9999998
 candidate chunks: 3
 valid chunks: 1537
 IO time used: 7.438146
worker-1 used time: 7.507564

4: 
count: 386929137
ratio: 0.9999998
 candidate chunks: 3
 valid chunks: 1537
 IO time used: 7.49401
worker-1 used time: 7.566313

5: 
count: 386929137
ratio: 0.9999998
 candidate chunks: 3
 valid chunks: 1537
 IO time used: 7.47514
worker-1 used time: 7.552391

6: 
count: 386929137
ratio: 0.9999998
 candidate chunks: 3
 valid chunks: 1537
 IO time used: 7.44562
worker-1 used time: 7.517686

7: 
count: 386929137
ratio: 0.9999998
 candidate chunks: 3
 valid chunks: 1537
 IO time used: 7.429087
worker-1 used time: 7.507904

8: 
count: 386929137
ratio: 0.9999998
 candidate chunks: 3
 valid chunks: 1537
 IO time used: 8.197770999999999
worker-1 used time: 8.273550999999999

9: 
count: 386929137
ratio: 0.9999998
 candidate chunks: 3
 valid chunks: 1537
 IO time used: 7.450141
worker-1 used time: 7.524499

avg_io: 7.46458333333	avg_all: 7.5412715
